<?xml version='1.0' encoding='UTF-8'?>
<testsuite hostname="moore06.cs.purdue.edu" name="miniscala.test.CMScalaToCPS_Whitebox_Tail" tests="1" errors="0" failures="1" skipped="0" time="0.304" timestamp="2020-02-12T17:19:38">
                     <properties>
[...]
</properties>
                     <testcase classname="miniscala.test.CMScalaToCPS_Whitebox_Tail" name="testTailUselessContinuations" time="0.304">
                                                 <failure message="scala.MatchError: LetRec(List(FunDef(f,List(),List(Arg(g,() =&gt; Int,pos)),Int,App(Ref(g),List(),List()))),Lit(1)) (of class miniscala.CMScalaTreeModule$LetRec)" type="sbt.ForkMain$ForkError">sbt.ForkMain$ForkError: scala.MatchError: LetRec(List(FunDef(f,List(),List(Arg(g,() =&gt; Int,pos)),Int,App(Ref(g),List(),List()))),Lit(1)) (of class miniscala.CMScalaTreeModule$LetRec)
	at miniscala.CMScalaToCPSTranslator$.nonTail(CMScalaToCPSTranslator.scala:16)
	at miniscala.CMScalaToCPSTranslator$.apply(CMScalaToCPSTranslator.scala:11)
	at miniscala.CMScalaToCPSTranslator$.apply(CMScalaToCPSTranslator.scala:6)
	at scala.Function1.$anonfun$andThen$1(Function1.scala:57)
	at scala.Function1.$anonfun$andThen$1(Function1.scala:57)
	at miniscala.test.infrastructure.CompilerTest.compileInner(CompilerTest.scala:37)
	at miniscala.test.infrastructure.CompilerTest.$anonfun$compileUsingPipeline$1(CompilerTest.scala:41)
	at miniscala.test.infrastructure.SandboxedTest$$anon$1.run(SandboxedTest.scala:24)
	at java.base/java.security.AccessController.doPrivileged(Native Method)
	at miniscala.test.infrastructure.SandboxedTest.sandboxedTest(SandboxedTest.scala:34)
	at miniscala.test.infrastructure.CompilerTest.compileUsingPipeline(CompilerTest.scala:41)
	at miniscala.test.infrastructure.CompilerTest.compileUsingPipeline$(CompilerTest.scala:40)
	at miniscala.test.infrastructure.CPSTest.compileUsingPipeline(CPSTest.scala:11)
	at miniscala.test.infrastructure.CPSHighTest.testCPSHighTreeEquality(CPSHighTest.scala:23)
	at miniscala.test.CMScalaToCPS_Whitebox_Tail.testTailUselessContinuations(CMScalaToCPS_Whitebox_Tail.scala:8)
	at java.base/jdk.internal.reflect.NativeMethodAccessorImpl.invoke0(Native Method)
	at java.base/jdk.internal.reflect.NativeMethodAccessorImpl.invoke(NativeMethodAccessorImpl.java:62)
	at java.base/jdk.internal.reflect.DelegatingMethodAccessorImpl.invoke(DelegatingMethodAccessorImpl.java:43)
	at java.base/java.lang.reflect.Method.invoke(Method.java:566)
	at org.junit.runners.model.FrameworkMethod$1.runReflectiveCall(FrameworkMethod.java:47)
	at org.junit.internal.runners.model.ReflectiveCallable.run(ReflectiveCallable.java:12)
	at org.junit.runners.model.FrameworkMethod.invokeExplosively(FrameworkMethod.java:44)
	at org.junit.internal.runners.statements.InvokeMethod.evaluate(InvokeMethod.java:17)
	at org.junit.runners.ParentRunner.runLeaf(ParentRunner.java:271)
	at org.junit.runners.BlockJUnit4ClassRunner.runChild(BlockJUnit4ClassRunner.java:70)
	at org.junit.runners.BlockJUnit4ClassRunner.runChild(BlockJUnit4ClassRunner.java:50)
	at org.junit.runners.ParentRunner$3.run(ParentRunner.java:238)
	at org.junit.runners.ParentRunner$1.schedule(ParentRunner.java:63)
	at org.junit.runners.ParentRunner.runChildren(ParentRunner.java:236)
	at org.junit.runners.ParentRunner.access$000(ParentRunner.java:53)
	at org.junit.runners.ParentRunner$2.evaluate(ParentRunner.java:229)
	at org.junit.runners.ParentRunner.run(ParentRunner.java:309)
	at org.junit.runners.Suite.runChild(Suite.java:127)
	at org.junit.runners.Suite.runChild(Suite.java:26)
	at org.junit.runners.ParentRunner$3.run(ParentRunner.java:238)
	at org.junit.runners.ParentRunner$1.schedule(ParentRunner.java:63)
	at org.junit.runners.ParentRunner.runChildren(ParentRunner.java:236)
	at org.junit.runners.ParentRunner.access$000(ParentRunner.java:53)
	at org.junit.runners.ParentRunner$2.evaluate(ParentRunner.java:229)
	at org.junit.runners.ParentRunner.run(ParentRunner.java:309)
	at org.junit.runner.JUnitCore.run(JUnitCore.java:160)
	at org.junit.runner.JUnitCore.run(JUnitCore.java:138)
	at com.novocode.junit.JUnitRunner$1.execute(JUnitRunner.java:132)
	at sbt.ForkMain$Run.lambda$runTest$1(ForkMain.java:304)
	at java.base/java.util.concurrent.FutureTask.run(FutureTask.java:264)
	at java.base/java.util.concurrent.ThreadPoolExecutor.runWorker(ThreadPoolExecutor.java:1128)
	at java.base/java.util.concurrent.ThreadPoolExecutor$Worker.run(ThreadPoolExecutor.java:628)
	at java.base/java.lang.Thread.run(Thread.java:834)
</failure>
                                               </testcase>
                     <system-out><![CDATA[]]></system-out>
                     <system-err><![CDATA[]]></system-err>
                   </testsuite>